* using log directory ‘/Users/jiali/Desktop/Projects/ShinyWGD/packing/ShinyWGD/ShinyWGD.Rcheck’
* using R version 4.2.1 (2022-06-23)
* using platform: x86_64-apple-darwin17.0 (64-bit)
* using session charset: UTF-8
* using option ‘--as-cran’
* checking for file ‘ShinyWGD/DESCRIPTION’ ... OK
* checking extension type ... Package
* this is package ‘ShinyWGD’ version ‘0.1.0’
* package encoding: UTF-8
* checking CRAN incoming feasibility ... NOTE
Maintainer: ‘Jia Li <jiali@psb.vib-ugent.be>’

New submission

Non-FOSS package license (What license is it under?)

Unknown, possibly misspelled, fields in DESCRIPTION:
  ‘Vignette’

Package has a VignetteBuilder field but no prebuilt vignette index.

The Title field is just the package name: provide a real title.

The Description field should not start with the package name,
  'This package' or similar.

The build time stamp is missing.
* checking package namespace information ... OK
* checking package dependencies ... OK
* checking if this is a source package ... OK
* checking if there is a namespace ... OK
* checking for executable files ... OK
* checking for hidden files and directories ... NOTE
Found the following hidden files and directories:
  .DS_Store
  .gitignore
  R/.DS_Store
  inst/.DS_Store
  inst/ShinyWGD/.DS_Store
  inst/ShinyWGD/server/.DS_Store
  inst/ShinyWGD/tools/.DS_Store
  inst/ShinyWGD/tools/.Rhistory
  inst/ShinyWGD/ui/.DS_Store
  inst/ShinyWGD/www/.DS_Store
  inst/ShinyWGD/www/content/.DS_Store
  inst/ShinyWGD/www/images/.DS_Store
  inst/ShinyWGD/www/js/.DS_Store
  man/.DS_Store
  vignettes/.gitignore
  .Rproj.user
  .git
These were most likely included in error. See section ‘Package
structure’ in the ‘Writing R Extensions’ manual.

CRAN-pack does not know about
  .DS_Store
  R/.DS_Store
  inst/.DS_Store
  inst/ShinyWGD/.DS_Store
  inst/ShinyWGD/server/.DS_Store
  inst/ShinyWGD/tools/.DS_Store
  inst/ShinyWGD/ui/.DS_Store
  inst/ShinyWGD/www/.DS_Store
  inst/ShinyWGD/www/content/.DS_Store
  inst/ShinyWGD/www/images/.DS_Store
  inst/ShinyWGD/www/js/.DS_Store
  man/.DS_Store
  .git
* checking for portable file names ... OK
* checking for sufficient/correct file permissions ... OK
* checking serialization versions ... OK
* checking whether package ‘ShinyWGD’ can be installed ... OK
* checking installed package size ... NOTE
  installed size is 88.7Mb
  sub-directories of 1Mb or more:
    ShinyWGD  88.3Mb
* checking package directory ... OK
* checking for future file timestamps ... OK
* checking DESCRIPTION meta-information ... NOTE
Malformed Description field: should contain one or more complete sentences.
Non-standard license specification:
  What license is it under?
Standardizable: FALSE
Checking should be performed on sources prepared by ‘R CMD build’.
* checking top-level files ... NOTE
Files ‘README.md’ or ‘NEWS.md’ cannot be checked without ‘pandoc’ being installed.
File
  LICENSE
is not mentioned in the DESCRIPTION file.
Non-standard files/directories found at top level:
  ‘ShinyWGD.Rcheck’ ‘ShinyWGD.Rproj’
* checking for left-over files ... OK
* checking index information ... OK
* checking package subdirectories ... WARNING
Found the following directory with the name of a check directory:
  ./ShinyWGD.Rcheck
Most likely, these were included erroneously.
Found the following directory with the name of a version control directory:
  ./.git
These should not be in a package tarball.
* checking R files for non-ASCII characters ... OK
* checking R files for syntax errors ... OK
* checking whether the package can be loaded ... OK
* checking whether the package can be loaded with stated dependencies ... OK
* checking whether the package can be unloaded cleanly ... OK
* checking whether the namespace can be loaded with stated dependencies ... OK
* checking whether the namespace can be unloaded cleanly ... OK
* checking loading without being on the library search path ... OK
* checking use of S3 registration ... OK
* checking dependencies in R code ... WARNING
'::' or ':::' imports not declared from:
  ‘dplyr’ ‘ggplot2’ ‘ks’ ‘mclust’ ‘shiny’
'library' or 'require' calls not declared from:
  ‘Biostrings’ ‘IRanges’ ‘ape’ ‘dplyr’ ‘grid’ ‘gridBase’ ‘gridExtra’
  ‘mclust’ ‘vroom’
'library' or 'require' calls in package code:
  ‘Biostrings’ ‘IRanges’ ‘ape’ ‘dplyr’ ‘grid’ ‘gridBase’ ‘gridExtra’
  ‘mclust’ ‘vroom’
  Please use :: or requireNamespace() instead.
  See section 'Suggested packages' in the 'Writing R Extensions' manual.
* checking S3 generic/method consistency ... WARNING
plot:
  function(x, ...)
plot.ksv:
  function(ksv, bin_width, maxK, maxY, plot_mode, color, pdf_file, ...)

See section ‘Generic functions and methods’ in the ‘Writing R
Extensions’ manual.
* checking replacement functions ... OK
* checking foreign function calls ... OK
* checking R code for possible problems ... NOTE
CalHomoConcentration: no visible global function definition for ‘ppois’
CalPvalue: no visible global function definition for ‘ppois’
PeaksInKsDistributionValues: no visible global function definition for
  ‘hist’
PeaksInKsDistributionValues: no visible global function definition for
  ‘smooth.spline’
PeaksInKsDistributionValues: no visible global function definition for
  ‘predict’
SiZer: no visible global function definition for ‘na.omit’
SignifFeatureRegion: no visible global function definition for ‘pchisq’
analysisEachCluster: no visible global function definition for
  ‘read.table’
analysisEachCluster: no visible global function definition for ‘%>%’
analysisEachCluster: no visible global function definition for ‘select’
analysisEachCluster: no visible binding for global variable ‘id’
analysisEachCluster: no visible binding for global variable ‘genome’
analysisEachCluster: no visible binding for global variable
  ‘remapped_coordinate’
analysisEachCluster: no visible binding for global variable
  ‘cluster_info’
analysisEachCluster: no visible global function definition for ‘cutree’
analysisEachCluster: no visible global function definition for
  ‘ExtractCluster’
analysisEachCluster: no visible global function definition for
  ‘p.adjust’
calculateKsDistribution4wgd_multiple: no visible global function
  definition for ‘read.table’
calculateKsDistribution4wgd_multiple: no visible global function
  definition for ‘aggregate’
calculateKsDistribution4wgd_multiple: no visible global function
  definition for ‘complete.cases’
calculateKsDistribution4wgd_multiple: no visible global function
  definition for ‘bind_rows’
check_gff_from_file: no visible global function definition for
  ‘str_detect’
check_gff_from_file: no visible global function definition for ‘regex’
check_gff_from_file: no visible global function definition for
  ‘file_temp’
check_gff_from_file: no visible global function definition for
  ‘shinyalert’
check_gff_input: no visible global function definition for ‘str_detect’
check_gff_input: no visible global function definition for ‘regex’
check_gff_input: no visible global function definition for ‘file_temp’
check_gff_input: no visible global function definition for ‘shinyalert’
check_proteome_from_file: no visible global function definition for
  ‘str_detect’
check_proteome_from_file: no visible global function definition for
  ‘regex’
check_proteome_from_file: no visible global function definition for
  ‘readDNAStringSet’
check_proteome_from_file: no visible global function definition for
  ‘shinyalert’
check_proteome_input: no visible global function definition for
  ‘str_detect’
check_proteome_input: no visible global function definition for ‘regex’
check_proteome_input: no visible global function definition for
  ‘readDNAStringSet’
check_proteome_input: no visible global function definition for
  ‘shinyalert’
cluster_synteny: no visible global function definition for ‘read.table’
cluster_synteny: no visible global function definition for ‘%>%’
cluster_synteny: no visible global function definition for ‘select’
cluster_synteny: no visible binding for global variable ‘id’
cluster_synteny: no visible binding for global variable ‘genome’
cluster_synteny: no visible binding for global variable
  ‘remapped_coordinate’
cluster_synteny: no visible global function definition for ‘cor’
cluster_synteny: no visible global function definition for ‘hclust’
cluster_synteny: no visible global function definition for ‘as.dist’
cluster_synteny: no visible global function definition for ‘as.phylo’
cluster_synteny: no visible global function definition for ‘write.tree’
computing_depth: no visible global function definition for ‘%>%’
computing_depth: no visible global function definition for ‘read.table’
computing_depth: no visible global function definition for ‘filter’
computing_depth: no visible binding for global variable ‘multiplicon’
computing_depth: no visible binding for global variable ‘listX’
computing_depth: no visible binding for global variable ‘listY’
computing_depth: no visible global function definition for ‘group_by’
computing_depth: no visible binding for global variable ‘coordX’
computing_depth: no visible global function definition for ‘summarise’
computing_depth: no visible global function definition for ‘n’
computing_depth: no visible binding for global variable ‘coordY’
computing_depth_paranome: no visible global function definition for
  ‘read.table’
computing_depth_paranome: no visible global function definition for
  ‘%>%’
computing_depth_paranome: no visible global function definition for
  ‘filter’
computing_depth_paranome: no visible binding for global variable
  ‘multiplicon’
computing_depth_paranome: no visible binding for global variable
  ‘listX’
computing_depth_paranome: no visible global function definition for
  ‘group_by’
computing_depth_paranome: no visible binding for global variable
  ‘coordX’
computing_depth_paranome: no visible global function definition for
  ‘summarise’
computing_depth_paranome: no visible global function definition for ‘n’
convert_wgd2kevins: no visible global function definition for
  ‘write.table’
create_ksrates_configure_file_based_on_table: no visible global
  function definition for ‘shinyalert’
create_ksrates_configure_file_v2: no visible global function definition
  for ‘shinyalert’
dfltBWrange: no visible binding for global variable ‘sd’
dfltBWrange: no visible binding for global variable ‘IQR’
dfltBWrange: no visible global function definition for ‘qnorm’
downloadButton_custom: no visible binding for global variable ‘tags’
drvkde: no visible global function definition for ‘binning’
drvkde: no visible global function definition for ‘dnorm’
generateKsDistribution: no visible global function definition for
  ‘hist’
get_segments: no visible global function definition for ‘%>%’
get_segments: no visible global function definition for ‘read.table’
get_segments: no visible global function definition for ‘group_by’
get_segments: no visible global function definition for ‘summarise’
get_segments: no visible binding for global variable
  ‘remapped_coordinate’
get_segments: no visible global function definition for ‘select’
get_segments: no visible binding for global variable ‘multiplicon’
get_segments: no visible binding for global variable ‘geneX’
get_segments: no visible binding for global variable ‘listX’
get_segments: no visible binding for global variable ‘coordX’
get_segments: no visible binding for global variable ‘geneY’
get_segments: no visible binding for global variable ‘listY’
get_segments: no visible binding for global variable ‘coordY’
get_segments: no visible binding for global variable ‘Ks’
get_segments: no visible binding for global variable ‘id’
get_segments: no visible binding for global variable ‘level’
get_segments: no visible binding for global variable
  ‘number_of_anchorpoints’
get_segments: no visible global function definition for ‘filter’
get_segments: no visible global function definition for ‘arrange’
get_segments: no visible binding for global variable ‘multiplicon_id’
get_segments: no visible global function definition for ‘IRanges’
get_segments: no visible global function definition for ‘subjectHits’
get_segments: no visible global function definition for ‘findOverlaps’
get_segments: no visible global function definition for ‘reduce’
get_segments: no visible binding for global variable ‘pos_min’
get_segments: no visible binding for global variable ‘group’
get_segments: no visible binding for global variable ‘pos_max’
get_segments: no visible global function definition for ‘write.table’
get_segments: no visible binding for global variable ‘is_real’
map_informal_name_to_latin_name: no visible global function definition
  for ‘read.table’
mix_logNormal_Ks: no visible global function definition for ‘%>%’
mix_logNormal_Ks: no visible binding for global variable ‘comp’
mix_logNormal_Ks: no visible binding for global variable ‘BIC’
mix_logNormal_Ks: no visible binding for global variable ‘logLik’
mix_logNormal_Ks: no visible binding for global variable ‘value’
modeFinder: no visible global function definition for ‘density’
obtain_chromosome_length: no visible global function definition for
  ‘read.table’
obtain_chromosome_length: no visible global function definition for
  ‘vroom’
obtain_chromosome_length: no visible global function definition for
  ‘group_by’
obtain_chromosome_length: no visible binding for global variable
  ‘seqchr’
obtain_chromosome_length: no visible global function definition for
  ‘summarise’
obtain_chromosome_length: no visible binding for global variable ‘end’
obtain_chromosome_length: no visible global function definition for
  ‘%>%’
obtain_chromosome_length: no visible global function definition for
  ‘filter’
obtain_chromosome_length: no visible binding for global variable ‘type’
obtain_chromosome_length: no visible global function definition for
  ‘summarize’
obtain_chromosome_length: no visible global function definition for ‘n’
obtain_chromosome_length_filter: no visible global function definition
  for ‘vroom’
obtain_chromosome_length_filter: no visible global function definition
  for ‘group_by’
obtain_chromosome_length_filter: no visible binding for global variable
  ‘seqchr’
obtain_chromosome_length_filter: no visible global function definition
  for ‘summarise’
obtain_chromosome_length_filter: no visible binding for global variable
  ‘end’
obtain_chromosome_length_filter: no visible global function definition
  for ‘%>%’
obtain_chromosome_length_filter: no visible global function definition
  for ‘filter’
obtain_chromosome_length_filter: no visible binding for global variable
  ‘type’
obtain_chromosome_length_filter: no visible global function definition
  for ‘summarize’
obtain_chromosome_length_filter: no visible global function definition
  for ‘n’
obtain_coordiantes_for_anchorpoints: no visible global function
  definition for ‘vroom’
obtain_coordiantes_for_anchorpoints: no visible global function
  definition for ‘%>%’
obtain_coordiantes_for_anchorpoints: no visible global function
  definition for ‘filter’
obtain_coordiantes_for_anchorpoints: no visible global function
  definition for ‘select’
obtain_coordiantes_for_anchorpoints: no visible binding for global
  variable ‘X1’
obtain_coordiantes_for_anchorpoints: no visible binding for global
  variable ‘X9’
obtain_coordiantes_for_anchorpoints: no visible binding for global
  variable ‘X4’
obtain_coordiantes_for_anchorpoints: no visible binding for global
  variable ‘X5’
obtain_coordiantes_for_anchorpoints: no visible binding for global
  variable ‘X7’
obtain_coordiantes_for_anchorpoints: no visible global function
  definition for ‘mutate’
obtain_coordiantes_for_anchorpoints: no visible global function
  definition for ‘left_join’
obtain_coordiantes_for_anchorpoints: no visible binding for global
  variable ‘speciesX’
obtain_coordiantes_for_anchorpoints: no visible binding for global
  variable ‘speciesY’
obtain_coordiantes_for_anchorpoints: no visible global function
  definition for ‘write.table’
obtain_coordiantes_for_anchorpoints_ks: no visible global function
  definition for ‘%>%’
obtain_coordiantes_for_anchorpoints_ks: no visible global function
  definition for ‘vroom’
obtain_coordiantes_for_anchorpoints_ks: no visible global function
  definition for ‘select’
obtain_coordiantes_for_anchorpoints_ks: no visible binding for global
  variable ‘id’
obtain_coordiantes_for_anchorpoints_ks: no visible binding for global
  variable ‘genome’
obtain_coordiantes_for_anchorpoints_ks: no visible binding for global
  variable ‘orientation’
obtain_coordiantes_for_anchorpoints_ks: no visible binding for global
  variable ‘remapped_coordinate’
obtain_coordiantes_for_anchorpoints_ks: no visible global function
  definition for ‘left_join’
obtain_coordiantes_for_anchorpoints_ks: no visible binding for global
  variable ‘multiplicon’
obtain_coordiantes_for_anchorpoints_ks: no visible binding for global
  variable ‘gene_x’
obtain_coordiantes_for_anchorpoints_ks: no visible binding for global
  variable ‘genome.x’
obtain_coordiantes_for_anchorpoints_ks: no visible binding for global
  variable ‘list.x’
obtain_coordiantes_for_anchorpoints_ks: no visible binding for global
  variable ‘strand.x’
obtain_coordiantes_for_anchorpoints_ks: no visible binding for global
  variable ‘coord.x’
obtain_coordiantes_for_anchorpoints_ks: no visible binding for global
  variable ‘gene_y’
obtain_coordiantes_for_anchorpoints_ks: no visible binding for global
  variable ‘genome.y’
obtain_coordiantes_for_anchorpoints_ks: no visible binding for global
  variable ‘list.y’
obtain_coordiantes_for_anchorpoints_ks: no visible binding for global
  variable ‘strand.y’
obtain_coordiantes_for_anchorpoints_ks: no visible binding for global
  variable ‘coord.y’
obtain_coordiantes_for_anchorpoints_ks: no visible global function
  definition for ‘write.table’
obtain_coordiantes_for_anchorpoints_ks: no visible global function
  definition for ‘filter’
obtain_coordiantes_for_anchorpoints_ks: no visible binding for global
  variable ‘speciesX’
obtain_coordiantes_for_anchorpoints_ks: no visible binding for global
  variable ‘speciesY’
obtain_coordiantes_for_anchorpoints_ks: no visible global function
  definition for ‘rowwise’
obtain_coordiantes_for_anchorpoints_ks: no visible global function
  definition for ‘mutate’
obtain_coordiantes_for_anchorpoints_ks: no visible binding for global
  variable ‘geneX’
obtain_coordiantes_for_anchorpoints_ks: no visible binding for global
  variable ‘geneY’
obtain_coordiantes_for_anchorpoints_ks: no visible global function
  definition for ‘distinct’
obtain_coordiantes_for_anchorpoints_ks: no visible binding for global
  variable ‘gene_pair’
obtain_coordiantes_for_anchorpoints_ks: no visible binding for global
  variable ‘Omega’
obtain_coordiantes_for_anchorpoints_ks: no visible binding for global
  variable ‘Ka’
obtain_coordiantes_for_anchorpoints_ks: no visible binding for global
  variable ‘Ks’
obtain_coordiantes_for_anchorpoints_ks: no visible binding for global
  variable ‘listX’
obtain_coordiantes_for_anchorpoints_ks: no visible binding for global
  variable ‘strandX’
obtain_coordiantes_for_anchorpoints_ks: no visible binding for global
  variable ‘coordX’
obtain_coordiantes_for_anchorpoints_ks: no visible binding for global
  variable ‘listY’
obtain_coordiantes_for_anchorpoints_ks: no visible binding for global
  variable ‘strandY’
obtain_coordiantes_for_anchorpoints_ks: no visible binding for global
  variable ‘coordY’
obtain_coordiantes_for_anchorpoints_ks: no visible global function
  definition for ‘arrange’
obtain_coordiantes_for_segments: no visible global function definition
  for ‘vroom’
obtain_coordiantes_for_segments: no visible global function definition
  for ‘%>%’
obtain_coordiantes_for_segments: no visible global function definition
  for ‘filter’
obtain_coordiantes_for_segments: no visible global function definition
  for ‘select’
obtain_coordiantes_for_segments: no visible binding for global variable
  ‘X1’
obtain_coordiantes_for_segments: no visible binding for global variable
  ‘X9’
obtain_coordiantes_for_segments: no visible binding for global variable
  ‘X4’
obtain_coordiantes_for_segments: no visible binding for global variable
  ‘X5’
obtain_coordiantes_for_segments: no visible binding for global variable
  ‘X7’
obtain_coordiantes_for_segments: no visible global function definition
  for ‘mutate’
obtain_coordiantes_for_segments: no visible binding for global variable
  ‘gene’
obtain_coordiantes_for_segments: no visible binding for global variable
  ‘start’
obtain_coordiantes_for_segments: no visible global function definition
  for ‘left_join’
obtain_coordiantes_for_segments: no visible binding for global variable
  ‘end’
obtain_coordiantes_for_segments: no visible binding for global variable
  ‘multiplicon’
obtain_coordiantes_for_segments: no visible binding for global variable
  ‘genome’
obtain_coordiantes_for_segments: no visible binding for global variable
  ‘first’
obtain_coordiantes_for_segments: no visible binding for global variable
  ‘last’
obtain_coordiantes_for_segments: no visible binding for global variable
  ‘genome.1’
obtain_coordiantes_for_segments: no visible binding for global variable
  ‘list.1’
obtain_coordiantes_for_segments: no visible binding for global variable
  ‘first.1’
obtain_coordiantes_for_segments: no visible binding for global variable
  ‘last.1’
obtain_coordiantes_for_segments: no visible binding for global variable
  ‘start.1’
obtain_coordiantes_for_segments: no visible binding for global variable
  ‘end.1’
obtain_coordiantes_for_segments: no visible binding for global variable
  ‘order.1’
obtain_coordiantes_for_segments: no visible binding for global variable
  ‘genomeX’
obtain_coordiantes_for_segments: no visible binding for global variable
  ‘genomeY’
obtain_coordiantes_for_segments: no visible global function definition
  for ‘write.table’
obtain_coordinates_for_segments_multiple: no visible global function
  definition for ‘%>%’
obtain_coordinates_for_segments_multiple: no visible global function
  definition for ‘vroom’
obtain_coordinates_for_segments_multiple: no visible global function
  definition for ‘filter’
obtain_coordinates_for_segments_multiple: no visible binding for global
  variable ‘X1’
obtain_coordinates_for_segments_multiple: no visible global function
  definition for ‘select’
obtain_coordinates_for_segments_multiple: no visible binding for global
  variable ‘X9’
obtain_coordinates_for_segments_multiple: no visible binding for global
  variable ‘X4’
obtain_coordinates_for_segments_multiple: no visible binding for global
  variable ‘X5’
obtain_coordinates_for_segments_multiple: no visible binding for global
  variable ‘X7’
obtain_coordinates_for_segments_multiple: no visible global function
  definition for ‘mutate’
obtain_coordinates_for_segments_multiple: no visible binding for global
  variable ‘gene’
obtain_coordinates_for_segments_multiple: no visible binding for global
  variable ‘start’
obtain_coordinates_for_segments_multiple: no visible global function
  definition for ‘left_join’
obtain_coordinates_for_segments_multiple: no visible binding for global
  variable ‘end’
obtain_coordinates_for_segments_multiple: no visible binding for global
  variable ‘multiplicon’
obtain_coordinates_for_segments_multiple: no visible binding for global
  variable ‘genome’
obtain_coordinates_for_segments_multiple: no visible binding for global
  variable ‘first’
obtain_coordinates_for_segments_multiple: no visible binding for global
  variable ‘last’
obtain_coordinates_for_segments_multiple: no visible binding for global
  variable ‘genome.1’
obtain_coordinates_for_segments_multiple: no visible binding for global
  variable ‘list.1’
obtain_coordinates_for_segments_multiple: no visible binding for global
  variable ‘first.1’
obtain_coordinates_for_segments_multiple: no visible binding for global
  variable ‘last.1’
obtain_coordinates_for_segments_multiple: no visible binding for global
  variable ‘start.1’
obtain_coordinates_for_segments_multiple: no visible binding for global
  variable ‘end.1’
obtain_coordinates_for_segments_multiple: no visible binding for global
  variable ‘order.1’
obtain_coordinates_for_segments_multiple: no visible binding for global
  variable ‘genomeX’
obtain_coordinates_for_segments_multiple: no visible binding for global
  variable ‘genomeY’
obtain_coordinates_for_segments_multiple: no visible global function
  definition for ‘write.table’
obtain_mean_ks_for_each_multiplicon: no visible global function
  definition for ‘vroom’
obtain_mean_ks_for_each_multiplicon: no visible global function
  definition for ‘%>%’
obtain_mean_ks_for_each_multiplicon: no visible global function
  definition for ‘left_join’
obtain_mean_ks_for_each_multiplicon: no visible global function
  definition for ‘filter’
obtain_mean_ks_for_each_multiplicon: no visible binding for global
  variable ‘Ks’
obtain_mean_ks_for_each_multiplicon: no visible global function
  definition for ‘aggregate’
obtain_mean_ks_for_each_multiplicon : <anonymous>: no visible global
  function definition for ‘median’
obtain_mean_ks_for_each_multiplicon: no visible global function
  definition for ‘fill’
obtain_mean_ks_for_each_multiplicon: no visible binding for global
  variable ‘genome_x’
obtain_mean_ks_for_each_multiplicon: no visible binding for global
  variable ‘list_x’
obtain_mean_ks_for_each_multiplicon: no visible binding for global
  variable ‘genome_y’
obtain_mean_ks_for_each_multiplicon: no visible global function
  definition for ‘write.table’
plot.ksv: no visible global function definition for ‘par’
plot.ksv: no visible global function definition for ‘pdf’
plot.ksv: no visible global function definition for ‘dev.off’
plot_Ks_mix: no visible binding for global variable ‘emmix’
plot_Ks_mix: no visible binding for global variable ‘comp’
plot_Ks_mix: no visible global function definition for ‘%>%’
plot_Ks_mix: no visible global function definition for ‘dlnorm’
plot_Ks_mix: no visible global function definition for ‘lines’
plot_Ks_mix: no visible global function definition for ‘abline’
read.dating_anchors: no visible global function definition for
  ‘read.table’
read.wgd_ksd: no visible global function definition for ‘read.table’
read.wgd_ksd: no visible global function definition for ‘%>%’
read.wgd_ksd: no visible binding for global variable ‘Ks’
read.wgd_ksd: no visible binding for global variable
  ‘AlignmentCoverage’
read.wgd_ksd: no visible binding for global variable ‘AlignmentLength’
read.wgd_ksd: no visible binding for global variable
  ‘AlignmentIdentity’
read.wgd_ksd: no visible binding for global variable
  ‘WeightOutliersIncluded’
read.wgd_ksd: no visible binding for global variable
  ‘WeightOutliersExcluded’
read_data_file: no visible global function definition for ‘read.table’
relativeRate: no visible global function definition for ‘read.table’
relativeRate: no visible global function definition for ‘quantile’
run_emmix_kmeas: no visible global function definition for ‘kmeans’
run_emmix_kmeas: no visible global function definition for ‘%>%’
run_emmix_kmeas: no visible binding for global variable ‘cluster’
run_emmix_kmeas: no visible binding for global variable ‘var’
symconv.ks: no visible global function definition for ‘fft’
symconv2D.ks: no visible global function definition for ‘fft’
symconv3D.ks: no visible global function definition for ‘fft’
symconv4D.ks: no visible global function definition for ‘fft’
Undefined global functions or variables:
  %>% AlignmentCoverage AlignmentIdentity AlignmentLength BIC
  ExtractCluster IQR IRanges Ka Ks Omega WeightOutliersExcluded
  WeightOutliersIncluded X1 X4 X5 X7 X9 abline aggregate arrange
  as.dist as.phylo bind_rows binning cluster cluster_info comp
  complete.cases coord.x coord.y coordX coordY cor cutree density
  dev.off distinct dlnorm dnorm emmix end end.1 fft file_temp fill
  filter findOverlaps first first.1 gene geneX geneY gene_pair gene_x
  gene_y genome genome.1 genome.x genome.y genomeX genomeY genome_x
  genome_y group group_by hclust hist id is_real kmeans last last.1
  left_join level lines list.1 list.x list.y listX listY list_x logLik
  median multiplicon multiplicon_id mutate n na.omit
  number_of_anchorpoints order.1 orientation p.adjust par pchisq pdf
  pos_max pos_min ppois predict qnorm quantile read.table
  readDNAStringSet reduce regex remapped_coordinate rowwise sd select
  seqchr shinyalert smooth.spline speciesX speciesY start start.1
  str_detect strand.x strand.y strandX strandY subjectHits summarise
  summarize tags type value var vroom write.table write.tree
Consider adding
  importFrom("grDevices", "dev.off", "pdf")
  importFrom("graphics", "abline", "hist", "lines", "par")
  importFrom("stats", "BIC", "IQR", "aggregate", "as.dist",
             "complete.cases", "cor", "cutree", "density", "dlnorm",
             "dnorm", "end", "fft", "filter", "hclust", "kmeans",
             "logLik", "median", "na.omit", "p.adjust", "pchisq",
             "ppois", "predict", "qnorm", "quantile", "sd",
             "smooth.spline", "start", "var")
  importFrom("utils", "read.table", "write.table")
to your NAMESPACE file.

Found if() conditions comparing class() to string:
File ‘ShinyWGD/R/ksv.R’: if (class(x) == "ksv") ...
File ‘ShinyWGD/R/substitution_rate_correction.R’: if (class(x) == "ksv") ...
Use inherits() (or maybe is()) instead.
* checking Rd files ... OK
* checking Rd metadata ... OK
* checking Rd line widths ... NOTE
Rd file 'PeaksInKsDistributionValues.Rd':
  \examples lines wider than 100 characters:
     peaks <- PeaksInKsDistributionValues(ks=ks_values, binWidth=0.1, maxK=2.5, m=3, peak.maxK=2.0, spar=0.25)

Rd file 'SignifFeatureRegion.Rd':
  \examples lines wider than 100 characters:
     SignifFeatureRegion(n, d, gcounts, gridsizegs, est.dens, h, signifLevel, range.x, grad=TRUE, curv=FALSE)

Rd file 'cluster_synteny.Rd':
  \examples lines wider than 100 characters:
         segmented_file="Analysis_2023-09-06/i-ADHoRe_wd/i-adhore.AMK_vs_Zostera_marina/clusteringDir/segmented.chr.10.txt",
         segmented_anchorpoints_file="Analysis_2023-09-06/i-ADHoRe_wd/i-adhore.AMK_vs_Zostera_marina/clusteringDir/segmented.anchorpoints.10 ... [TRUNCATED]

Rd file 'get_segments.Rd':
  \examples lines wider than 100 characters:
         anchors_ks_file="Analysis_2023-07-04/i-ADHoRe_wd/i-adhore.Vitis_vinifera_vs_Oryza_sativa/anchorpoints.merged_pos_ks.txt",
         multiplicons_file="Analysis_2023-07-04/i-ADHoRe_wd/i-adhore.Vitis_vinifera_vs_Oryza_sativa/multiplicons.txt",

Rd file 'obtain_chromosome_length.Rd':
  \examples lines wider than 100 characters:
     # Load the species information into a data frame (replace 'species_info_df' with your actual data frame)

Rd file 'obtain_coordiantes_for_anchorpoints_ks.Rd':
  \examples lines wider than 100 characters:
         anchorpoints="Analysis_2023-07-04/i-ADHoRe_wd/i-adhore.Vitis_vinifera_vs_Oryza_sativa/anchorpoints.txt",
         anchorpoints_ks="Analysis_2023-07-04/i-ADHoRe_wd/i-adhore.Vitis_vinifera_vs_Oryza_sativa/anchorpoints.ks.txt",

These lines will be truncated in the PDF manual.
* checking Rd cross-references ... OK
* checking for missing documentation entries ... OK
* checking for code/documentation mismatches ... OK
* checking Rd \usage sections ... WARNING
Undocumented arguments in documentation object 'is.ksv'
  ‘x’

Undocumented arguments in documentation object 'mix_logNormal_Ks'
  ‘plot’ ‘...’

Undocumented arguments in documentation object 'plot.ksv'
  ‘ksv’ ‘...’
Documented arguments not in \usage in documentation object 'plot.ksv':
  ‘file’ ‘include.outliers’ ‘minK’ ‘minAlnLen’ ‘minIdn’ ‘minCov’

Functions with \usage entries need to have the appropriate \alias
entries, and all their arguments documented.
The \usage entries must correspond to syntactically valid R code.
See chapter ‘Writing R documentation files’ in the ‘Writing R
Extensions’ manual.
* checking Rd contents ... OK
* checking for unstated dependencies in examples ... ERROR
Warning: parse error in file 'lines':
1: unexpected symbol
136: cleanEx()
137: nameEx
     ^
** will not attempt to run examples
* checking LazyData ... NOTE
  'LazyData' is specified without a 'data' directory
* checking files in ‘vignettes’ ... WARNING
Files in the 'vignettes' directory but no files in 'inst/doc':
  ‘intro_to_shinywgd.R’, ‘intro_to_shinywgd.Rmd’,
    ‘intro_to_shinywgd.html’
* checking examples ... SKIPPED
* checking for unstated dependencies in ‘tests’ ... OK
* checking tests ... OK
  Running ‘testthat.R’
* checking for unstated dependencies in vignettes ... OK
* checking package vignettes in ‘inst/doc’ ... WARNING
Directory 'inst/doc' does not exist.
Package vignette without corresponding single PDF/HTML:
   ‘intro_to_shinywgd.Rmd’

* checking re-building of vignette outputs ... OK
* checking PDF version of manual ... WARNING
LaTeX errors when creating PDF version.
This typically indicates Rd problems.
LaTeX errors found:
! LaTeX Error: File `inconsolata.sty' not found.

Type X to quit or <RETURN> to proceed,
or enter new name. (Default extension: sty)

! Emergency stop.
<read *> 
         
l.297 ^^M
         
!  ==> Fatal error occurred, no output PDF file produced!
* checking PDF version of manual without index ... ERROR
* checking for non-standard things in the check directory ... NOTE
Found the following files/directories:
  ‘ShinyWGD-manual.tex’
* checking for detritus in the temp directory ... OK
* DONE
Status: 2 ERRORs, 7 WARNINGs, 9 NOTEs
