Hmm ... looks like a package
Converting parsed Rd's to LaTeX ......
Creating pdf output from LaTeX ...
This is pdfTeX, Version 3.14159265-2.6-1.40.20 (TeX Live 2019) (preloaded format=pdflatex)
 restricted \write18 enabled.
entering extended mode
(./Rd2.tex
LaTeX2e <2019-10-01>

(/usr/local/texlive/2019basic/texmf-dist/tex/latex/base/book.cls
Document Class: book 2019/08/27 v1.4j Standard LaTeX document class
(/usr/local/texlive/2019basic/texmf-dist/tex/latex/base/bk10.clo))
(/Library/Frameworks/R.framework/Resources/share/texmf/tex/latex/Rd.sty
(/usr/local/texlive/2019basic/texmf-dist/tex/latex/base/ifthen.sty)
(/usr/local/texlive/2019basic/texmf-dist/tex/latex/tools/longtable.sty)
(/usr/local/texlive/2019basic/texmf-dist/tex/latex/tools/bm.sty)
(/usr/local/texlive/2019basic/texmf-dist/tex/latex/base/alltt.sty)
(/usr/local/texlive/2019basic/texmf-dist/tex/latex/tools/verbatim.sty)
(/usr/local/texlive/2019basic/texmf-dist/tex/latex/url/url.sty)
(/usr/local/texlive/2019basic/texmf-dist/tex/latex/base/textcomp.sty
(/usr/local/texlive/2019basic/texmf-dist/tex/latex/base/ts1enc.def
(/usr/local/texlive/2019basic/texmf-dist/tex/latex/base/ts1enc.dfu)))
(/usr/local/texlive/2019basic/texmf-dist/tex/generic/iftex/iftex.sty)
(/usr/local/texlive/2019basic/texmf-dist/tex/latex/base/fontenc.sty
(/usr/local/texlive/2019basic/texmf-dist/tex/latex/base/t1enc.def))
(/usr/local/texlive/2019basic/texmf-dist/tex/latex/psnfss/times.sty)
(/usr/local/texlive/2019basic/texmf-dist/tex/latex/graphics/color.sty
(/usr/local/texlive/2019basic/texmf-dist/tex/latex/graphics-cfg/color.cfg)
(/usr/local/texlive/2019basic/texmf-dist/tex/latex/graphics-def/pdftex.def))
(/usr/local/texlive/2019basic/texmf-dist/tex/latex/hyperref/hyperref.sty
(/usr/local/texlive/2019basic/texmf-dist/tex/generic/oberdiek/hobsub-hyperref.s
ty
(/usr/local/texlive/2019basic/texmf-dist/tex/generic/oberdiek/hobsub-generic.st
y)) (/usr/local/texlive/2019basic/texmf-dist/tex/latex/graphics/keyval.sty)
(/usr/local/texlive/2019basic/texmf-dist/tex/generic/ifxetex/ifxetex.sty)
(/usr/local/texlive/2019basic/texmf-dist/tex/latex/oberdiek/auxhook.sty)
(/usr/local/texlive/2019basic/texmf-dist/tex/latex/oberdiek/kvoptions.sty)
(/usr/local/texlive/2019basic/texmf-dist/tex/latex/hyperref/pd1enc.def)
(/usr/local/texlive/2019basic/texmf-dist/tex/latex/latexconfig/hyperref.cfg))
(/usr/local/texlive/2019basic/texmf-dist/tex/latex/hyperref/hpdftex.def
(/usr/local/texlive/2019basic/texmf-dist/tex/latex/oberdiek/rerunfilecheck.sty)
)

Package hyperref Warning: Option `hyperindex' has already been used,
(hyperref)                setting the option has no effect on input line 388.


Package hyperref Warning: Option `pagebackref' has already been used,
(hyperref)                setting the option has no effect on input line 388.

) (/usr/local/texlive/2019basic/texmf-dist/tex/latex/base/inputenc.sty)
No file Rd2.aux.
(/usr/local/texlive/2019basic/texmf-dist/tex/latex/base/ts1cmr.fd)
(/usr/local/texlive/2019basic/texmf-dist/tex/latex/psnfss/t1ptm.fd)
(/usr/local/texlive/2019basic/texmf-dist/tex/context/base/mkii/supp-pdf.mkii
[Loading MPS to PDF converter (version 2006.09.02).]
) (/usr/local/texlive/2019basic/texmf-dist/tex/latex/hyperref/nameref.sty
(/usr/local/texlive/2019basic/texmf-dist/tex/generic/oberdiek/gettitlestring.st
y)) (/usr/local/texlive/2019basic/texmf-dist/tex/latex/psnfss/t1pcr.fd)
kpathsea: Running mktextfm pcrr8t
/usr/local/texlive/2019basic/texmf-dist/web2c/mktexnam: Could not map source abbreviation  for pcrr8t.
/usr/local/texlive/2019basic/texmf-dist/web2c/mktexnam: Need to update ?
mktextfm: Running mf-nowin -progname=mf \mode:=ljfour; mag:=1; nonstopmode; input pcrr8t
This is METAFONT, Version 2.7182818 (TeX Live 2019) (preloaded base=mf)

kpathsea: Running mktexmf pcrr8t

! I can't find file `pcrr8t'.
<*> ...:=ljfour; mag:=1; nonstopmode; input pcrr8t
                                                  
Please type another input file name
! Emergency stop.
<*> ...:=ljfour; mag:=1; nonstopmode; input pcrr8t
                                                  
Transcript written on mfput.log.
grep: pcrr8t.log: No such file or directory
mktextfm: `mf-nowin -progname=mf \mode:=ljfour; mag:=1; nonstopmode; input pcrr8t' failed to make pcrr8t.tfm.
kpathsea: Appending font creation commands to missfont.log.

! Font T1/pcr/m/n/10=pcrr8t at 10.0pt not loadable: Metric (TFM) file not found
.
<to be read again> 
                   relax 
l.20 ...sIs{Jia Li }\email{jiali@psb.vib-ugent.be}
                                                  \AsIs{}
(/usr/local/texlive/2019basic/texmf-dist/tex/latex/psnfss/t1phv.fd)
kpathsea: Running mktextfm phvr8t
/usr/local/texlive/2019basic/texmf-dist/web2c/mktexnam: Could not map source abbreviation  for phvr8t.
/usr/local/texlive/2019basic/texmf-dist/web2c/mktexnam: Need to update ?
mktextfm: Running mf-nowin -progname=mf \mode:=ljfour; mag:=1; nonstopmode; input phvr8t
This is METAFONT, Version 2.7182818 (TeX Live 2019) (preloaded base=mf)

kpathsea: Running mktexmf phvr8t

! I can't find file `phvr8t'.
<*> ...:=ljfour; mag:=1; nonstopmode; input phvr8t
                                                  
Please type another input file name
! Emergency stop.
<*> ...:=ljfour; mag:=1; nonstopmode; input phvr8t
                                                  
Transcript written on mfput.log.
grep: phvr8t.log: No such file or directory
mktextfm: `mf-nowin -progname=mf \mode:=ljfour; mag:=1; nonstopmode; input phvr8t' failed to make phvr8t.tfm.

! Font T1/phv/m/n/14.4=phvr8t at 14.4pt not loadable: Metric (TFM) file not fou
nd.
<to be read again> 
                   relax 
l.32 \Rdcontents{\R{} topics documented:}
                                         
[1{/usr/local/texlive/2019basic/texmf-var/fonts/map/pdftex/updmap/pdftex.map}]
kpathsea: Running mktextfm pcrr8t
/usr/local/texlive/2019basic/texmf-dist/web2c/mktexnam: Could not map source abbreviation  for pcrr8t.
/usr/local/texlive/2019basic/texmf-dist/web2c/mktexnam: Need to update ?
mktextfm: Running mf-nowin -progname=mf \mode:=ljfour; mag:=1; nonstopmode; input pcrr8t
This is METAFONT, Version 2.7182818 (TeX Live 2019) (preloaded base=mf)

kpathsea: Running mktexmf pcrr8t

! I can't find file `pcrr8t'.
<*> ...:=ljfour; mag:=1; nonstopmode; input pcrr8t
                                                  
Please type another input file name
! Emergency stop.
<*> ...:=ljfour; mag:=1; nonstopmode; input pcrr8t
                                                  
Transcript written on mfput.log.
grep: pcrr8t.log: No such file or directory
mktextfm: `mf-nowin -progname=mf \mode:=ljfour; mag:=1; nonstopmode; input pcrr8t' failed to make pcrr8t.tfm.

! Font T1/pcr/m/n/9=pcrr8t at 9.0pt not loadable: Metric (TFM) file not found.
<to be read again> 
                   relax 
l.74 \begin{ExampleCode}
                        
[2] [3] [4] [5] [6]
Overfull \hbox (1.44702pt too wide) in paragraph at lines 409--412
[]\T1/ptm/m/n/10 This func-tion clus-ters syn-teny data based on cal-cu-lated p
-values and gen-er-ates trees for both column-
[7] [8] [9] [10] [11] [12] [13] [14] [15] [16] [17] [18] [19] [20] [21]
[22] (/usr/local/texlive/2019basic/texmf-dist/tex/latex/psnfss/ts1pcr.fd)
kpathsea: Running mktextfm pcrr8c
/usr/local/texlive/2019basic/texmf-dist/web2c/mktexnam: Could not map source abbreviation  for pcrr8c.
/usr/local/texlive/2019basic/texmf-dist/web2c/mktexnam: Need to update ?
mktextfm: Running mf-nowin -progname=mf \mode:=ljfour; mag:=1; nonstopmode; input pcrr8c
This is METAFONT, Version 2.7182818 (TeX Live 2019) (preloaded base=mf)

kpathsea: Running mktexmf pcrr8c

! I can't find file `pcrr8c'.
<*> ...:=ljfour; mag:=1; nonstopmode; input pcrr8c
                                                  
Please type another input file name
! Emergency stop.
<*> ...:=ljfour; mag:=1; nonstopmode; input pcrr8c
                                                  
Transcript written on mfput.log.
grep: pcrr8c.log: No such file or directory
mktextfm: `mf-nowin -progname=mf \mode:=ljfour; mag:=1; nonstopmode; input pcrr8c' failed to make pcrr8c.tfm.

! Font TS1/pcr/m/n/9=pcrr8c at 9.0pt not loadable: Metric (TFM) file not found.
<to be read again> 
                   relax 
l.1351 ...es_info_df' with your actual data frame)
                                                  
[23] [24] [25] [26] [27] [28] [29] [30]
kpathsea: Running mktextfm pcrr8c
/usr/local/texlive/2019basic/texmf-dist/web2c/mktexnam: Could not map source abbreviation  for pcrr8c.
/usr/local/texlive/2019basic/texmf-dist/web2c/mktexnam: Need to update ?
mktextfm: Running mf-nowin -progname=mf \mode:=ljfour; mag:=1; nonstopmode; input pcrr8c
This is METAFONT, Version 2.7182818 (TeX Live 2019) (preloaded base=mf)

kpathsea: Running mktexmf pcrr8c

! I can't find file `pcrr8c'.
<*> ...:=ljfour; mag:=1; nonstopmode; input pcrr8c
                                                  
Please type another input file name
! Emergency stop.
<*> ...:=ljfour; mag:=1; nonstopmode; input pcrr8c
                                                  
Transcript written on mfput.log.
grep: pcrr8c.log: No such file or directory
mktextfm: `mf-nowin -progname=mf \mode:=ljfour; mag:=1; nonstopmode; input pcrr8c' failed to make pcrr8c.tfm.

! Font TS1/pcr/m/n/10=pcrr8c at 10.0pt not loadable: Metric (TFM) file not foun
d.
<to be read again> 
                   relax 
l.1800 ## S3 method for class 'ksv'
                                   
[31] [32] (/usr/local/texlive/2019basic/texmf-dist/tex/latex/psnfss/ts1ptm.fd)
[33] [34] [35] [36] [37] [38] [39] [40] [41] [42] (./Rd2.aux)

Package rerunfilecheck Warning: File `Rd2.out' has changed.
(rerunfilecheck)                Rerun to get outlines right
(rerunfilecheck)                or use package `bookmark'.

 )
(see the transcript file for additional information){/usr/local/texlive/2019bas
ic/texmf-dist/fonts/enc/dvips/base/8r.enc}</usr/local/texlive/2019basic/texmf-d
ist/fonts/type1/urw/times/utmb8a.pfb></usr/local/texlive/2019basic/texmf-dist/f
onts/type1/urw/times/utmr8a.pfb></usr/local/texlive/2019basic/texmf-dist/fonts/
type1/urw/times/utmr8a.pfb></usr/local/texlive/2019basic/texmf-dist/fonts/type1
/urw/times/utmri8a.pfb>
Output written on Rd2.pdf (42 pages, 109868 bytes).
Transcript written on Rd2.log.
Error in texi2dvi(file = file, pdf = TRUE, clean = clean, quiet = quiet,  : 
  unable to run pdflatex on 'Rd2.tex'
LaTeX errors:
! Font T1/pcr/m/n/10=pcrr8t at 10.0pt not loadable: Metric (TFM) file not found
.
<to be read again> 
                   relax 
l.20 ...sIs{Jia Li }\email{jiali@psb.vib-ugent.be}
! Font T1/phv/m/n/14.4=phvr8t at 14.4pt not loadable: Metric (TFM) file not fou
nd.
<to be read again> 
                   relax 
l.32 \Rdcontents{\R{} topics documented:}
! Font T1/pcr/m/n/9=pcrr8t at 9.0pt not loadable: Metric (TFM) file not found.
<to be read again> 
                   relax 
l.74 \begin{ExampleCode}
                        
! Font TS1/pcr/m/n/9=pcrr8c at 9.0pt not loadable: Metric (TFM) file not found.
<to be read again> 
                   relax 
l.1351 ...es_info_df' with your actual data frame)
                                                  
! Font TS1/pcr/m/n/10=pcrr8c at 10.0pt not loadable: Metric (TFM) file not foun
d.
<to be read again> 
                   relax 
l.1800 ## S3 method for class 'ksv'
This is pdfTeX, Version 3.14159265-2.6-1.40.20 (TeX Live 2019) (preloaded format=pdflatex)
 restricted \write18 enabled.
entering extended mode
(./Rd2.tex
LaTeX2e <2019-10-01>

(/usr/local/texlive/2019basic/texmf-dist/tex/latex/base/book.cls
Document Class: book 2019/08/27 v1.4j Standard LaTeX document class
(/usr/local/texlive/2019basic/texmf-dist/tex/latex/base/bk10.clo))
(/Library/Frameworks/R.framework/Resources/share/texmf/tex/latex/Rd.sty
(/usr/local/texlive/2019basic/texmf-dist/tex/latex/base/ifthen.sty)
(/usr/local/texlive/2019basic/texmf-dist/tex/latex/tools/longtable.sty)
(/usr/local/texlive/2019basic/texmf-dist/tex/latex/tools/bm.sty)
(/usr/local/texlive/2019basic/texmf-dist/tex/latex/base/alltt.sty)
(/usr/local/texlive/2019basic/texmf-dist/tex/latex/tools/verbatim.sty)
(/usr/local/texlive/2019basic/texmf-dist/tex/latex/url/url.sty)
(/usr/local/texlive/2019basic/texmf-dist/tex/latex/base/textcomp.sty
(/usr/local/texlive/2019basic/texmf-dist/tex/latex/base/ts1enc.def
(/usr/local/texlive/2019basic/texmf-dist/tex/latex/base/ts1enc.dfu)))
(/usr/local/texlive/2019basic/texmf-dist/tex/generic/iftex/iftex.sty)
(/usr/local/texlive/2019basic/texmf-dist/tex/latex/base/fontenc.sty
(/usr/local/texlive/2019basic/texmf-dist/tex/latex/base/t1enc.def))
(/usr/local/texlive/2019basic/texmf-dist/tex/latex/psnfss/times.sty)
(/usr/local/texlive/2019basic/texmf-dist/tex/latex/graphics/color.sty
(/usr/local/texlive/2019basic/texmf-dist/tex/latex/graphics-cfg/color.cfg)
(/usr/local/texlive/2019basic/texmf-dist/tex/latex/graphics-def/pdftex.def))
(/usr/local/texlive/2019basic/texmf-dist/tex/latex/hyperref/hyperref.sty
(/usr/local/texlive/2019basic/texmf-dist/tex/generic/oberdiek/hobsub-hyperref.s
ty
(/usr/local/texlive/2019basic/texmf-dist/tex/generic/oberdiek/hobsub-generic.st
y)) (/usr/local/texlive/2019basic/texmf-dist/tex/latex/graphics/keyval.sty)
(/usr/local/texlive/2019basic/texmf-dist/tex/generic/ifxetex/ifxetex.sty)
(/usr/local/texlive/2019basic/texmf-dist/tex/latex/oberdiek/auxhook.sty)
(/usr/local/texlive/2019basic/texmf-dist/tex/latex/oberdiek/kvoptions.sty)
(/usr/local/texlive/2019basic/texmf-dist/tex/latex/hyperref/pd1enc.def)
(/usr/local/texlive/2019basic/texmf-dist/tex/latex/latexconfig/hyperref.cfg))
(/usr/local/texlive/2019basic/texmf-dist/tex/latex/hyperref/hpdftex.def
(/usr/local/texlive/2019basic/texmf-dist/tex/latex/oberdiek/rerunfilecheck.sty)
)

Package hyperref Warning: Option `hyperindex' has already been used,
(hyperref)                setting the option has no effect on input line 388.


Package hyperref Warning: Option `pagebackref' has already been used,
(hyperref)                setting the option has no effect on input line 388.

) (/usr/local/texlive/2019basic/texmf-dist/tex/latex/base/inputenc.sty)
(./Rd2.aux) (/usr/local/texlive/2019basic/texmf-dist/tex/latex/base/ts1cmr.fd)
(/usr/local/texlive/2019basic/texmf-dist/tex/latex/psnfss/t1ptm.fd)
(/usr/local/texlive/2019basic/texmf-dist/tex/context/base/mkii/supp-pdf.mkii
[Loading MPS to PDF converter (version 2006.09.02).]
) (/usr/local/texlive/2019basic/texmf-dist/tex/latex/hyperref/nameref.sty
(/usr/local/texlive/2019basic/texmf-dist/tex/generic/oberdiek/gettitlestring.st
y)) (./Rd2.out) (./Rd2.out)
(/usr/local/texlive/2019basic/texmf-dist/tex/latex/psnfss/t1pcr.fd)
kpathsea: Running mktextfm pcrr8t
/usr/local/texlive/2019basic/texmf-dist/web2c/mktexnam: Could not map source abbreviation  for pcrr8t.
/usr/local/texlive/2019basic/texmf-dist/web2c/mktexnam: Need to update ?
mktextfm: Running mf-nowin -progname=mf \mode:=ljfour; mag:=1; nonstopmode; input pcrr8t
This is METAFONT, Version 2.7182818 (TeX Live 2019) (preloaded base=mf)

kpathsea: Running mktexmf pcrr8t

! I can't find file `pcrr8t'.
<*> ...:=ljfour; mag:=1; nonstopmode; input pcrr8t
                                                  
Please type another input file name
! Emergency stop.
<*> ...:=ljfour; mag:=1; nonstopmode; input pcrr8t
                                                  
Transcript written on mfput.log.
grep: pcrr8t.log: No such file or directory
mktextfm: `mf-nowin -progname=mf \mode:=ljfour; mag:=1; nonstopmode; input pcrr8t' failed to make pcrr8t.tfm.
kpathsea: Appending font creation commands to missfont.log.

! Font T1/pcr/m/n/10=pcrr8t at 10.0pt not loadable: Metric (TFM) file not found
.
<to be read again> 
                   relax 
l.20 ...sIs{Jia Li }\email{jiali@psb.vib-ugent.be}
                                                  \AsIs{}
(/usr/local/texlive/2019basic/texmf-dist/tex/latex/psnfss/t1phv.fd)
kpathsea: Running mktextfm phvr8t
/usr/local/texlive/2019basic/texmf-dist/web2c/mktexnam: Could not map source abbreviation  for phvr8t.
/usr/local/texlive/2019basic/texmf-dist/web2c/mktexnam: Need to update ?
mktextfm: Running mf-nowin -progname=mf \mode:=ljfour; mag:=1; nonstopmode; input phvr8t
This is METAFONT, Version 2.7182818 (TeX Live 2019) (preloaded base=mf)

kpathsea: Running mktexmf phvr8t

! I can't find file `phvr8t'.
<*> ...:=ljfour; mag:=1; nonstopmode; input phvr8t
                                                  
Please type another input file name
! Emergency stop.
<*> ...:=ljfour; mag:=1; nonstopmode; input phvr8t
                                                  
Transcript written on mfput.log.
grep: phvr8t.log: No such file or directory
mktextfm: `mf-nowin -progname=mf \mode:=ljfour; mag:=1; nonstopmode; input phvr8t' failed to make phvr8t.tfm.

! Font T1/phv/m/n/14.4=phvr8t at 14.4pt not loadable: Metric (TFM) file not fou
nd.
<to be read again> 
                   relax 
l.32 \Rdcontents{\R{} topics documented:}
                                         
(./Rd2.toc [1{/usr/local/texlive/2019basic/texmf-var/fonts/map/pdftex/updmap/pd
ftex.map}])
kpathsea: Running mktextfm phvr8t
/usr/local/texlive/2019basic/texmf-dist/web2c/mktexnam: Could not map source abbreviation  for phvr8t.
/usr/local/texlive/2019basic/texmf-dist/web2c/mktexnam: Need to update ?
mktextfm: Running mf-nowin -progname=mf \mode:=ljfour; mag:=1; nonstopmode; input phvr8t
This is METAFONT, Version 2.7182818 (TeX Live 2019) (preloaded base=mf)

kpathsea: Running mktexmf phvr8t

! I can't find file `phvr8t'.
<*> ...:=ljfour; mag:=1; nonstopmode; input phvr8t
                                                  
Please type another input file name
! Emergency stop.
<*> ...:=ljfour; mag:=1; nonstopmode; input phvr8t
                                                  
Transcript written on mfput.log.
grep: phvr8t.log: No such file or directory
mktextfm: `mf-nowin -progname=mf \mode:=ljfour; mag:=1; nonstopmode; input phvr8t' failed to make phvr8t.tfm.

! Font T1/phv/m/n/10=phvr8t at 10.0pt not loadable: Metric (TFM) file not found
.
<to be read again> 
                   relax 
l.38 \end{Description}
                      
[2]
kpathsea: Running mktextfm pcrr8t
/usr/local/texlive/2019basic/texmf-dist/web2c/mktexnam: Could not map source abbreviation  for pcrr8t.
/usr/local/texlive/2019basic/texmf-dist/web2c/mktexnam: Need to update ?
mktextfm: Running mf-nowin -progname=mf \mode:=ljfour; mag:=1; nonstopmode; input pcrr8t
This is METAFONT, Version 2.7182818 (TeX Live 2019) (preloaded base=mf)

kpathsea: Running mktexmf pcrr8t

! I can't find file `pcrr8t'.
<*> ...:=ljfour; mag:=1; nonstopmode; input pcrr8t
                                                  
Please type another input file name
! Emergency stop.
<*> ...:=ljfour; mag:=1; nonstopmode; input pcrr8t
                                                  
Transcript written on mfput.log.
grep: pcrr8t.log: No such file or directory
mktextfm: `mf-nowin -progname=mf \mode:=ljfour; mag:=1; nonstopmode; input pcrr8t' failed to make pcrr8t.tfm.

! Font T1/pcr/m/n/9=pcrr8t at 9.0pt not loadable: Metric (TFM) file not found.
<to be read again> 
                   relax 
l.74 \begin{ExampleCode}
                        
[3] [4] [5] [6] [7] [8]
Overfull \hbox (1.44702pt too wide) in paragraph at lines 409--412
[]\T1/ptm/m/n/10 This func-tion clus-ters syn-teny data based on cal-cu-lated p
-values and gen-er-ates trees for both column-
[9] [10] [11] [12] [13] [14] [15] [16] [17] [18] [19] [20] [21] [22] [23]
[24] (/usr/local/texlive/2019basic/texmf-dist/tex/latex/psnfss/ts1pcr.fd)
kpathsea: Running mktextfm pcrr8c
/usr/local/texlive/2019basic/texmf-dist/web2c/mktexnam: Could not map source abbreviation  for pcrr8c.
/usr/local/texlive/2019basic/texmf-dist/web2c/mktexnam: Need to update ?
mktextfm: Running mf-nowin -progname=mf \mode:=ljfour; mag:=1; nonstopmode; input pcrr8c
This is METAFONT, Version 2.7182818 (TeX Live 2019) (preloaded base=mf)

kpathsea: Running mktexmf pcrr8c

! I can't find file `pcrr8c'.
<*> ...:=ljfour; mag:=1; nonstopmode; input pcrr8c
                                                  
Please type another input file name
! Emergency stop.
<*> ...:=ljfour; mag:=1; nonstopmode; input pcrr8c
                                                  
Transcript written on mfput.log.
grep: pcrr8c.log: No such file or directory
mktextfm: `mf-nowin -progname=mf \mode:=ljfour; mag:=1; nonstopmode; input pcrr8c' failed to make pcrr8c.tfm.

! Font TS1/pcr/m/n/9=pcrr8c at 9.0pt not loadable: Metric (TFM) file not found.
<to be read again> 
                   relax 
l.1351 ...es_info_df' with your actual data frame)
                                                  
[25] [26] [27] [28] [29] [30] [31] [32]
kpathsea: Running mktextfm pcrr8c
/usr/local/texlive/2019basic/texmf-dist/web2c/mktexnam: Could not map source abbreviation  for pcrr8c.
/usr/local/texlive/2019basic/texmf-dist/web2c/mktexnam: Need to update ?
mktextfm: Running mf-nowin -progname=mf \mode:=ljfour; mag:=1; nonstopmode; input pcrr8c
This is METAFONT, Version 2.7182818 (TeX Live 2019) (preloaded base=mf)

kpathsea: Running mktexmf pcrr8c

! I can't find file `pcrr8c'.
<*> ...:=ljfour; mag:=1; nonstopmode; input pcrr8c
                                                  
Please type another input file name
! Emergency stop.
<*> ...:=ljfour; mag:=1; nonstopmode; input pcrr8c
                                                  
Transcript written on mfput.log.
grep: pcrr8c.log: No such file or directory
mktextfm: `mf-nowin -progname=mf \mode:=ljfour; mag:=1; nonstopmode; input pcrr8c' failed to make pcrr8c.tfm.

! Font TS1/pcr/m/n/10=pcrr8c at 10.0pt not loadable: Metric (TFM) file not foun
d.
<to be read again> 
                   relax 
l.1800 ## S3 method for class 'ksv'
                                   
[33] [34] (/usr/local/texlive/2019basic/texmf-dist/tex/latex/psnfss/ts1ptm.fd)
[35] [36] [37] [38] [39] [40] [41] [42] [43] [44] (./Rd2.aux) )
(see the transcript file for additional information){/usr/local/texlive/2019bas
ic/texmf-dist/fonts/enc/dvips/base/8r.enc}</usr/local/texlive/2019basic/texmf-d
ist/fonts/type1/urw/times/utmb8a.pfb></usr/local/texlive/2019basic/texmf-dist/f
onts/type1/urw/times/utmr8a.pfb></usr/local/texlive/2019basic/texmf-dist/fonts/
type1/urw/times/utmr8a.pfb></usr/local/texlive/2019basic/texmf-dist/fonts/type1
/urw/times/utmri8a.pfb>
Output written on Rd2.pdf (44 pages, 117075 bytes).
Transcript written on Rd2.log.
Error in texi2dvi(file = file, pdf = TRUE, clean = clean, quiet = quiet,  : 
  unable to run pdflatex on 'Rd2.tex'
LaTeX errors:
! Font T1/pcr/m/n/10=pcrr8t at 10.0pt not loadable: Metric (TFM) file not found
.
<to be read again> 
                   relax 
l.20 ...sIs{Jia Li }\email{jiali@psb.vib-ugent.be}
! Font T1/phv/m/n/14.4=phvr8t at 14.4pt not loadable: Metric (TFM) file not fou
nd.
<to be read again> 
                   relax 
l.32 \Rdcontents{\R{} topics documented:}
! Font T1/phv/m/n/10=phvr8t at 10.0pt not loadable: Metric (TFM) file not found
.
<to be read again> 
                   relax 
l.38 \end{Description}
! Font T1/pcr/m/n/9=pcrr8t at 9.0pt not loadable: Metric (TFM) file not found.
<to be read again> 
                   relax 
l.74 \begin{ExampleCode}
                        
! Font TS1/pcr/m/n/9=pcrr8c at 9.0pt not loadable: Metric (TFM) file not found.
<to be read again> 
                   relax 
l.1351 ...es_info_df' with your actual data frame)
                                                  
! Font TS1/pcr/m/n/10=pcrr8c at 10.0pt not loadable: Metric (TFM) file not foun
d.
<to be read again> 
                   relax 
l.1800 ## S3 method for class 'ksv'
Error in running tools::texi2pdf()
You may want to clean up by 'rm -Rf /var/folders/dm/nv89839s3dngv7d76s59n0rr0000gn/T//RtmpZtg7Mn/Rd2pdf987552c55f9'
